<?xml version="1.0" encoding="UTF-8"?>
<testng-results skipped="0" failed="0" total="1" passed="1">
  <reporter-output>
    <line>
      <![CDATA[=====Browser Session Started=====]]>
    </line>
    <line>
      <![CDATA[=====Browser Session End=========]]>
    </line>
  </reporter-output>
  <suite name="AdoptaBlock_Automation" duration-ms="39268" started-at="2017-06-21T13:52:54Z" finished-at="2017-06-21T13:53:33Z">
    <groups>
    </groups>
    <test name="AdoptaBlock_Automation" duration-ms="39268" started-at="2017-06-21T13:52:54Z" finished-at="2017-06-21T13:53:33Z">
      <class name="com.ab.testscripts.TestSuite">
        <test-method status="PASS" signature="setUp(java.lang.String)[pri:0, instance:com.ab.testscripts.TestSuite@4c178a76]" name="setUp" is-config="true" duration-ms="17356" started-at="2017-06-21T19:22:54Z" finished-at="2017-06-21T19:23:11Z">
          <params>
            <param index="0">
              <value>
                <![CDATA[chrome]]>
              </value>
            </param>
          </params>
          <reporter-output>
            <line>
              <![CDATA[=====Browser Session Started=====]]>
            </line>
          </reporter-output>
        </test-method> <!-- setUp -->
        <test-method status="PASS" signature="Login(com.ab.datainitialization.DataInt)[pri:1, instance:com.ab.testscripts.TestSuite@4c178a76]" name="Login" duration-ms="16844" started-at="2017-06-21T19:23:11Z" description="Login" data-provider="getLogin" finished-at="2017-06-21T19:23:28Z">
          <params>
            <param index="0">
              <value>
                <![CDATA[com.ab.datainitialization.DataInt@68ead359]]>
              </value>
            </param>
          </params>
          <reporter-output>
          </reporter-output>
        </test-method> <!-- Login -->
        <test-method status="PASS" signature="close()[pri:0, instance:com.ab.testscripts.TestSuite@4c178a76]" name="close" is-config="true" duration-ms="5001" started-at="2017-06-21T19:23:28Z" finished-at="2017-06-21T19:23:33Z">
          <reporter-output>
            <line>
              <![CDATA[=====Browser Session End=========]]>
            </line>
          </reporter-output>
        </test-method> <!-- close -->
      </class> <!-- com.ab.testscripts.TestSuite -->
    </test> <!-- AdoptaBlock_Automation -->
  </suite> <!-- AdoptaBlock_Automation -->
</testng-results>
